[03-Feb-2017 20:10:00 UTC] PHP Warning:  include_once(header.php): failed to open stream: No such file or directory in /home/amalnnath20/public_html/storyPages/storiesClassics.php on line 2
[03-Feb-2017 20:10:00 UTC] PHP Warning:  include_once(): Failed opening 'header.php' for inclusion (include_path='.:/opt/alt/php56/usr/share/pear:/opt/alt/php56/usr/share/php') in /home/amalnnath20/public_html/storyPages/storiesClassics.php on line 2
[03-Feb-2017 20:10:00 UTC] PHP Warning:  include_once(db.php): failed to open stream: No such file or directory in /home/amalnnath20/public_html/storyPages/storiesClassics.php on line 3
[03-Feb-2017 20:10:00 UTC] PHP Warning:  include_once(): Failed opening 'db.php' for inclusion (include_path='.:/opt/alt/php56/usr/share/pear:/opt/alt/php56/usr/share/php') in /home/amalnnath20/public_html/storyPages/storiesClassics.php on line 3
[03-Feb-2017 20:10:00 UTC] PHP Notice:  Undefined variable: db in /home/amalnnath20/public_html/storyPages/storiesClassics.php on line 5
[03-Feb-2017 20:10:00 UTC] PHP Warning:  mysqli_query() expects parameter 1 to be mysqli, null given in /home/amalnnath20/public_html/storyPages/storiesClassics.php on line 5
[03-Feb-2017 20:10:00 UTC] PHP Notice:  Undefined variable: data in /home/amalnnath20/public_html/storyPages/storiesClassics.php on line 6
[03-Feb-2017 20:10:00 UTC] PHP Warning:  mysqli_fetch_assoc() expects parameter 1 to be mysqli_result, null given in /home/amalnnath20/public_html/storyPages/storiesClassics.php on line 25
[03-Feb-2017 20:10:06 UTC] PHP Warning:  include_once(header.php): failed to open stream: No such file or directory in /home/amalnnath20/public_html/storyPages/storiesClassics.php on line 2
[03-Feb-2017 20:10:06 UTC] PHP Warning:  include_once(): Failed opening 'header.php' for inclusion (include_path='.:/opt/alt/php56/usr/share/pear:/opt/alt/php56/usr/share/php') in /home/amalnnath20/public_html/storyPages/storiesClassics.php on line 2
[03-Feb-2017 20:10:06 UTC] PHP Warning:  include_once(db.php): failed to open stream: No such file or directory in /home/amalnnath20/public_html/storyPages/storiesClassics.php on line 3
[03-Feb-2017 20:10:06 UTC] PHP Warning:  include_once(): Failed opening 'db.php' for inclusion (include_path='.:/opt/alt/php56/usr/share/pear:/opt/alt/php56/usr/share/php') in /home/amalnnath20/public_html/storyPages/storiesClassics.php on line 3
[03-Feb-2017 20:10:06 UTC] PHP Notice:  Undefined variable: db in /home/amalnnath20/public_html/storyPages/storiesClassics.php on line 5
[03-Feb-2017 20:10:06 UTC] PHP Warning:  mysqli_query() expects parameter 1 to be mysqli, null given in /home/amalnnath20/public_html/storyPages/storiesClassics.php on line 5
[03-Feb-2017 20:10:06 UTC] PHP Notice:  Undefined variable: data in /home/amalnnath20/public_html/storyPages/storiesClassics.php on line 6
[03-Feb-2017 20:10:06 UTC] PHP Warning:  mysqli_fetch_assoc() expects parameter 1 to be mysqli_result, null given in /home/amalnnath20/public_html/storyPages/storiesClassics.php on line 25
[03-Feb-2017 20:10:08 UTC] PHP Warning:  include_once(header.php): failed to open stream: No such file or directory in /home/amalnnath20/public_html/storyPages/stories.php on line 2
[03-Feb-2017 20:10:08 UTC] PHP Warning:  include_once(): Failed opening 'header.php' for inclusion (include_path='.:/opt/alt/php56/usr/share/pear:/opt/alt/php56/usr/share/php') in /home/amalnnath20/public_html/storyPages/stories.php on line 2
[03-Feb-2017 20:10:08 UTC] PHP Warning:  include_once(db.php): failed to open stream: No such file or directory in /home/amalnnath20/public_html/storyPages/stories.php on line 3
[03-Feb-2017 20:10:08 UTC] PHP Warning:  include_once(): Failed opening 'db.php' for inclusion (include_path='.:/opt/alt/php56/usr/share/pear:/opt/alt/php56/usr/share/php') in /home/amalnnath20/public_html/storyPages/stories.php on line 3
[03-Feb-2017 20:10:08 UTC] PHP Notice:  Undefined variable: db in /home/amalnnath20/public_html/storyPages/stories.php on line 5
[03-Feb-2017 20:10:08 UTC] PHP Warning:  mysqli_query() expects parameter 1 to be mysqli, null given in /home/amalnnath20/public_html/storyPages/stories.php on line 5
[03-Feb-2017 20:10:08 UTC] PHP Notice:  Undefined variable: data in /home/amalnnath20/public_html/storyPages/stories.php on line 6
[03-Feb-2017 20:10:08 UTC] PHP Warning:  mysqli_fetch_assoc() expects parameter 1 to be mysqli_result, null given in /home/amalnnath20/public_html/storyPages/stories.php on line 26
[03-Feb-2017 20:11:59 UTC] PHP Notice:  Undefined variable: data in /home/amalnnath20/public_html/storyPages/stories.php on line 6
[03-Feb-2017 20:12:03 UTC] PHP Notice:  Undefined variable: data in /home/amalnnath20/public_html/storyPages/stories.php on line 6
[03-Feb-2017 20:12:09 UTC] PHP Notice:  Undefined variable: data in /home/amalnnath20/public_html/storyPages/stories.php on line 6
[03-Feb-2017 20:12:45 UTC] PHP Warning:  include_once(header.php): failed to open stream: No such file or directory in /home/amalnnath20/public_html/storyPages/stories.php on line 2
[03-Feb-2017 20:12:45 UTC] PHP Warning:  include_once(): Failed opening 'header.php' for inclusion (include_path='.:/opt/alt/php56/usr/share/pear:/opt/alt/php56/usr/share/php') in /home/amalnnath20/public_html/storyPages/stories.php on line 2
[03-Feb-2017 20:12:45 UTC] PHP Warning:  include_once(db.php): failed to open stream: No such file or directory in /home/amalnnath20/public_html/storyPages/stories.php on line 3
[03-Feb-2017 20:12:45 UTC] PHP Warning:  include_once(): Failed opening 'db.php' for inclusion (include_path='.:/opt/alt/php56/usr/share/pear:/opt/alt/php56/usr/share/php') in /home/amalnnath20/public_html/storyPages/stories.php on line 3
[03-Feb-2017 20:12:45 UTC] PHP Notice:  Undefined variable: db in /home/amalnnath20/public_html/storyPages/stories.php on line 5
[03-Feb-2017 20:12:45 UTC] PHP Warning:  mysqli_query() expects parameter 1 to be mysqli, null given in /home/amalnnath20/public_html/storyPages/stories.php on line 5
[03-Feb-2017 20:12:45 UTC] PHP Notice:  Undefined variable: data in /home/amalnnath20/public_html/storyPages/stories.php on line 6
[03-Feb-2017 20:12:45 UTC] PHP Warning:  mysqli_fetch_assoc() expects parameter 1 to be mysqli_result, null given in /home/amalnnath20/public_html/storyPages/stories.php on line 26
